LongChang/proguard/seeds.txt
com.hutu.longchang.activity.BaseActivity
com.hutu.longchang.activity.BaseActivity: BaseActivity()
com.hutu.longchang.activity.BaseActivity: void backClick(android.view.View)
com.hutu.longchang.activity.BaseActivity: void actionClick(android.view.View)
com.hutu.longchang.activity.ClassifyListActivity
com.hutu.longchang.activity.ClassifyListActivity: ClassifyListActivity()
com.hutu.longchang.activity.ListActivity
com.hutu.longchang.activity.ListActivity: ListActivity()
com.hutu.longchang.activity.LoginActivity
com.hutu.longchang.activity.LoginActivity: LoginActivity()
com.hutu.longchang.activity.LoginActivity: void loginClick(android.view.View)
com.hutu.longchang.activity.LoginActivity: void registerClick(android.view.View)
com.hutu.longchang.activity.MainActivity
com.hutu.longchang.activity.MainActivity: MainActivity()
com.hutu.longchang.activity.MainActivity: void scanClick(android.view.View)
com.hutu.longchang.activity.RegisterActivity
com.hutu.longchang.activity.RegisterActivity: RegisterActivity()
com.hutu.longchang.activity.RegisterActivity: void registerClick(android.view.View)
com.hutu.longchang.activity.ScanActivity
com.hutu.longchang.activity.ScanActivity: ScanActivity()
com.hutu.longchang.activity.SearchClassActivity
com.hutu.longchang.activity.SearchClassActivity: SearchClassActivity()
com.hutu.longchang.activity.SearchClassActivity: void searchClick(android.view.View)
com.hutu.longchang.activity.SearchComplexActivity
com.hutu.longchang.activity.SearchComplexActivity: SearchComplexActivity()
com.hutu.longchang.activity.SearchComplexActivity: void infoClick(android.view.View)
com.hutu.longchang.activity.SearchComplexActivity: void searchClick(android.view.View)
com.hutu.longchang.activity.SearchSameActivity
com.hutu.longchang.activity.SearchSameActivity: SearchSameActivity()
com.hutu.longchang.activity.SearchSameActivity: void infoClick(android.view.View)
com.hutu.longchang.activity.SearchSameActivity: void searchClick(android.view.View)
...
android.support.v4.app.BackStackState
android.support.v4.app.BackStackState: android.os.Parcelable$Creator CREATOR
android.support.v4.app.Fragment$SavedState
android.support.v4.app.Fragment$SavedState: android.os.Parcelable$Creator CREATOR
android.support.v4.app.FragmentActivity
android.support.v4.app.FragmentManagerState
android.support.v4.app.FragmentManagerState: android.os.Parcelable$Creator CREATOR
android.support.v4.app.FragmentState
android.support.v4.app.FragmentState: android.os.Parcelable$Creator CREATOR
android.support.v4.app.FragmentTabHost
android.support.v4.app.FragmentTabHost: FragmentTabHost(android.content.Context,android.util.AttributeSet)
android.support.v4.app.FragmentTabHost$SavedState
android.support.v4.app.FragmentTabHost$SavedState: android.os.Parcelable$Creator CREATOR
android.support.v4.content.FileProvider
android.support.v4.content.ModernAsyncTask$Status: android.support.v4.content.ModernAsyncTask$Status[] values()
android.support.v4.content.ModernAsyncTask$Status: android.support.v4.content.ModernAsyncTask$Status valueOf(java.lang.String)
android.support.v4.content.WakefulBroadcastReceiver
android.support.v4.view.PagerTabStrip
android.support.v4.view.PagerTabStrip: PagerTabStrip(android.content.Context,android.util.AttributeSet)
android.support.v4.view.PagerTitleStrip
android.support.v4.view.PagerTitleStrip: PagerTitleStrip(android.content.Context,android.util.AttributeSet)
android.support.v4.view.ViewPager
android.support.v4.view.ViewPager: ViewPager(android.content.Context,android.util.AttributeSet)
android.support.v4.view.ViewPager$LayoutParams
android.support.v4.view.ViewPager$LayoutParams: ViewPager$LayoutParams(android.content.Context,android.util.AttributeSet)
android.support.v4.view.ViewPager$SavedState
android.support.v4.view.ViewPager$SavedState: android.os.Parcelable$Creator CREATOR
android.support.v4.widget.DrawerLayout
android.support.v4.widget.DrawerLayout: DrawerLayout(android.content.Context,android.util.AttributeSet)
android.support.v4.widget.DrawerLayout: DrawerLayout(android.content.Context,android.util.AttributeSet,int)
android.support.v4.widget.DrawerLayout$LayoutParams
android.support.v4.widget.DrawerLayout$LayoutParams: DrawerLayout$LayoutParams(android.content.Context,android.util.AttributeSet)
android.support.v4.widget.DrawerLayout$SavedState
android.support.v4.widget.DrawerLayout$SavedState: android.os.Parcelable$Creator CREATOR
android.support.v4.widget.SlidingPaneLayout
android.support.v4.widget.SlidingPaneLayout: SlidingPaneLayout(android.content.Context,android.util.AttributeSet)
android.support.v4.widget.SlidingPaneLayout: SlidingPaneLayout(android.content.Context,android.util.AttributeSet,int)
android.support.v4.widget.SlidingPaneLayout$LayoutParams
android.support.v4.widget.SlidingPaneLayout$LayoutParams: SlidingPaneLayout$LayoutParams(android.content.Context,android.util.AttributeSet)
android.support.v4.widget.SlidingPaneLayout$SavedState
android.support.v4.widget.SlidingPaneLayout$SavedState: android.os.Parcelable$Creator CREATOR
com.imageco.library.CaptureActivity
com.imageco.library.CaptureActivity: CaptureActivity()
com.imageco.library.CaptureActivityHandler$State: com.imageco.library.CaptureActivityHandler$State[] values()
com.imageco.library.CaptureActivityHandler$State: com.imageco.library.CaptureActivityHandler$State valueOf(java.lang.String)
com.imageco.library.ViewfinderView
com.imageco.library.ViewfinderView: ViewfinderView(android.content.Context,android.util.AttributeSet)