LongChang/proguard/mapping.txt
com.hutu.longchang.activity.BaseActivity -> com.hutu.longchang.activity.BaseActivity:
    android.os.Handler mHandler -> a
    void setTitle(int) -> setTitle
    void backClick(android.view.View) -> backClick
    void showBackBt$1385ff() -> a
    void actionClick(android.view.View) -> actionClick
com.hutu.longchang.activity.BaseActivity$1 -> com.hutu.longchang.activity.a:
    com.hutu.longchang.activity.BaseActivity this$0 -> a
    void handleMessage(android.os.Message) -> handleMessage
com.hutu.longchang.activity.ClassifyListActivity -> com.hutu.longchang.activity.ClassifyListActivity:
    java.util.ArrayList arr -> b
    void onCreate(android.os.Bundle) -> onCreate
    java.util.ArrayList access$0(com.hutu.longchang.activity.ClassifyListActivity) -> a
com.hutu.longchang.activity.ClassifyListActivity$1 -> com.hutu.longchang.activity.b:
    com.hutu.longchang.activity.ClassifyListActivity this$0 -> a
    void onItemClick(android.widget.AdapterView,android.view.View,int,long) -> onItemClick
com.hutu.longchang.activity.ListActivity -> com.hutu.longchang.activity.ListActivity:
    android.widget.ListView vList -> b
    java.util.ArrayList dList -> c
    void onCreate(android.os.Bundle) -> onCreate
    void afterResponseFetched(int,int,java.lang.String) -> a
    void onItemClick(android.widget.AdapterView,android.view.View,int,long) -> onItemClick
com.hutu.longchang.activity.LoginActivity -> com.hutu.longchang.activity.LoginActivity:
    android.widget.EditText eAccount -> b
    android.widget.EditText ePassword -> c
    void onCreate(android.os.Bundle) -> onCreate
    void loginClick(android.view.View) -> loginClick
    void registerClick(android.view.View) -> registerClick
    void afterResponseFetched(int,int,java.lang.String) -> a
com.hutu.longchang.activity.MainActivity -> com.hutu.longchang.activity.MainActivity:
    java.util.ArrayList arrData -> b
    android.widget.ListView mList -> c
    void onCreate(android.os.Bundle) -> onCreate
    void scanClick(android.view.View) -> scanClick
    void onActivityResult(int,int,android.content.Intent) -> onActivityResult
    void onItemClick(android.widget.AdapterView,android.view.View,int,long) -> onItemClick
    boolean onKeyDown(int,android.view.KeyEvent) -> onKeyDown
    void afterResponseFetched(int,int,java.lang.String) -> a
com.hutu.longchang.activity.RegisterActivity -> com.hutu.longchang.activity.RegisterActivity:
    android.widget.EditText eAccount -> b
    android.widget.EditText ePassword -> c
    android.widget.EditText eRePassowrd -> d
    void onCreate(android.os.Bundle) -> onCreate
    void registerClick(android.view.View) -> registerClick
    void afterResponseFetched(int,int,java.lang.String) -> a
com.hutu.longchang.activity.ScanActivity -> com.hutu.longchang.activity.ScanActivity:
    void onCreate(android.os.Bundle) -> onCreate
    void onActivityResult(int,int,android.content.Intent) -> onActivityResult
com.hutu.longchang.activity.SearchClassActivity -> com.hutu.longchang.activity.SearchClassActivity:
    android.widget.EditText txt -> b
    void onCreate(android.os.Bundle) -> onCreate
    void searchClick(android.view.View) -> searchClick
    void afterResponseFetched(int,int,java.lang.String) -> a
com.hutu.longchang.activity.SearchComplexActivity -> com.hutu.longchang.activity.SearchComplexActivity:
    android.widget.EditText eClassify -> b
    android.widget.EditText eRegister -> c
    android.widget.EditText eName -> d
    android.widget.EditText ePeople -> e
    android.widget.Spinner spinner -> f
    java.lang.String[] arrData -> g
    java.util.ArrayList classifyData -> h
    void onCreate(android.os.Bundle) -> onCreate
    void onActivityResult(int,int,android.content.Intent) -> onActivityResult
    void infoClick(android.view.View) -> infoClick
    void searchClick(android.view.View) -> searchClick
    void afterResponseFetched(int,int,java.lang.String) -> a
...
com.imageco.library.R$color -> com.imageco.library.r:
    int possible_result_points -> a
    int result_view -> b
    int viewfinder_frame -> c
    int viewfinder_laser -> d
    int viewfinder_mask -> e
com.imageco.library.R$id -> com.imageco.library.s:
    int auto_focus -> a
    int decode -> b
    int decode_failed -> c
    int decode_succeeded -> d
    int launch_product_query -> e
    int preview_view -> f
    int quit -> g
    int restart_preview -> h
    int return_scan_result -> i
    int seekBar1 -> j
    int viewfinder_view -> k
com.imageco.library.R$layout -> com.imageco.library.t:
    int capture -> a
com.imageco.library.ViewfinderResultPointCallback -> com.imageco.library.u:
    com.imageco.library.ViewfinderView viewfinderView -> a
    void foundPossibleResultPoint(com.google.zxing.ResultPoint) -> a
com.imageco.library.ViewfinderView -> com.imageco.library.ViewfinderView:
    int[] SCANNER_ALPHA -> a
    android.graphics.Paint paint -> b
    android.graphics.Bitmap resultBitmap -> c
    int maskColor -> d
    int resultColor -> e
    int frameColor -> f
    int laserColor -> g
    int resultPointColor -> h
    int scannerAlpha -> i
    java.util.Collection possibleResultPoints -> j
    java.util.Collection lastPossibleResultPoints -> k
    void onDraw(android.graphics.Canvas) -> onDraw
    void drawViewfinder() -> a
    void drawResultBitmap(android.graphics.Bitmap) -> a
    void addPossibleResultPoint(com.google.zxing.ResultPoint) -> a
org.mozilla.intl.chardet.Big5Statistics -> b.a.a.a.a:
    float[] mFirstByteFreq -> a
    float mFirstByteStdDev -> b
    float mFirstByteMean -> c
    float mFirstByteWeight -> d
    float[] mSecondByteFreq -> e
    float mSecondByteStdDev -> f
    float mSecondByteMean -> g
    float mSecondByteWeight -> h
    float[] mFirstByteFreq() -> a
    float mFirstByteWeight() -> b
    float[] mSecondByteFreq() -> c
    float mSecondByteWeight() -> d
org.mozilla.intl.chardet.EUCJPStatistics -> b.a.a.a.b:
    float[] mFirstByteFreq -> a
    float mFirstByteStdDev -> b
    float mFirstByteMean -> c
    float mFirstByteWeight -> d
    float[] mSecondByteFreq -> e
    float mSecondByteStdDev -> f
    float mSecondByteMean -> g
    float mSecondByteWeight -> h
    float[] mFirstByteFreq() -> a
    float mFirstByteWeight() -> b
    float[] mSecondByteFreq() -> c
    float mSecondByteWeight() -> d
org.mozilla.intl.chardet.EUCKRStatistics -> b.a.a.a.c:
    float[] mFirstByteFreq -> a
    float mFirstByteStdDev -> b
    float mFirstByteMean -> c
    float mFirstByteWeight -> d
    float[] mSecondByteFreq -> e
    float mSecondByteStdDev -> f
    float mSecondByteMean -> g
    float mSecondByteWeight -> h
    float[] mFirstByteFreq() -> a
    float mFirstByteWeight() -> b
    float[] mSecondByteFreq() -> c
    float mSecondByteWeight() -> d
org.mozilla.intl.chardet.EUCTWStatistics -> b.a.a.a.d:
    float[] mFirstByteFreq -> a
    float mFirstByteStdDev -> b
    float mFirstByteMean -> c
    float mFirstByteWeight -> d
    float[] mSecondByteFreq -> e
    float mSecondByteStdDev -> f
    float mSecondByteMean -> g
    float mSecondByteWeight -> h
    float[] mFirstByteFreq() -> a
    float mFirstByteWeight() -> b
    float[] mSecondByteFreq() -> c
    float mSecondByteWeight() -> d
org.mozilla.intl.chardet.GB2312Statistics -> b.a.a.a.e:
    float[] mFirstByteFreq -> a
    float mFirstByteStdDev -> b
    float mFirstByteMean -> c
    float mFirstByteWeight -> d
    float[] mSecondByteFreq -> e
    float mSecondByteStdDev -> f
    float mSecondByteMean -> g
    float mSecondByteWeight -> h
    float[] mFirstByteFreq() -> a
    float mFirstByteWeight() -> b
    float[] mSecondByteFreq() -> c
    float mSecondByteWeight() -> d