LongChang/proguard/usage.txt
com.hutu.longchang.BuildConfig
com.hutu.longchang.Project
com.hutu.longchang.R
com.hutu.longchang.R$array
com.hutu.longchang.R$attr
com.hutu.longchang.R$color
com.hutu.longchang.R$dimen
com.hutu.longchang.R$drawable
com.hutu.longchang.R$id
com.hutu.longchang.R$layout
com.hutu.longchang.R$menu
com.hutu.longchang.R$raw
com.hutu.longchang.R$string
com.hutu.longchang.R$style
com.hutu.longchang.activity.BaseActivity:
    39:40:public void showBackBt()
com.hutu.longchang.activity.ListActivity:
    private static final java.lang.String LISTITEM_KEY_ID
    private static final java.lang.String LISTITEM_KEY_CLASS
    private static final java.lang.String LISTITEM_KEY_BRAND
    57:57:private void getData()
com.hutu.longchang.activity.ScanActivity:
    28:30:private void scan()
com.hutu.longchang.activity.SearchClassActivity:
    public android.widget.Button btName
    public android.widget.Button btClass
com.hutu.longchang.adapter.ListAdapter
com.hutu.longchang.adapter.SpinAdapter
com.hutu.longchang.mode.data.BaseData
com.hutu.longchang.mode.data.ListData
com.hutu.longchang.mode.data.UserData
com.hutu.longchang.model.Connect:
    public static final java.lang.String HostName
    public static final java.lang.String RESPONSE
    public static final java.lang.String PATH
    public static final int RESPONSE_CODE_OK
    public static final int RESPONSE_CODE_BUSINESS_ERROR
    public static final int RESPONSE_CODE_TOKEN_EXPIRE
    public static final int NET_WORK_ERROR
    86:87:public void postRequest(java.util.HashMap)
    92:130:public void postRequsetFile(java.util.HashMap,byte[])
    174:222:private byte[] getParam(java.util.HashMap)
    227:228:public void setBoundary(java.lang.String)
com.hutu.longchang.model.JSONObjectExt:
    private static final long serialVersionUID
    24:25:public JSONObjectExt(java.util.Map)
com.hutu.longchang.model.Request:
    public static final java.lang.String HostName
    93:105:public boolean isNetworkConnected(android.content.Context)
    110:124:private void connect(java.lang.String,java.util.HashMap)
    189:231:public void sendHttpPostRequest(java.lang.String,java.util.HashMap,java.lang.Object)
    234:235:public void sendHttpGetRequest(java.lang.String)
    249:261:public void typeInfo(int,java.lang.String)
    324:326:public void stateFlowInfo(java.lang.String,java.lang.String)
    332:334:public void imgByte(java.lang.String)
    363:365:public void goodsImgInfo()
com.hutu.longchang.model.Request$3
...
android.support.v4.net.ConnectivityManagerCompatHoneycombMR2
android.support.v4.net.ConnectivityManagerCompatJellyBean
android.support.v4.net.TrafficStatsCompat
android.support.v4.net.TrafficStatsCompat$1
android.support.v4.net.TrafficStatsCompat$BaseTrafficStatsCompatImpl
android.support.v4.net.TrafficStatsCompat$BaseTrafficStatsCompatImpl$1
android.support.v4.net.TrafficStatsCompat$BaseTrafficStatsCompatImpl$SocketTags
android.support.v4.net.TrafficStatsCompat$IcsTrafficStatsCompatImpl
android.support.v4.net.TrafficStatsCompat$TrafficStatsCompatImpl
android.support.v4.net.TrafficStatsCompatIcs
android.support.v4.os.ParcelableCompat:
    26:42:public ParcelableCompat()
android.support.v4.os.ParcelableCompatCreatorHoneycombMR2Stub:
    22:22:ParcelableCompatCreatorHoneycombMR2Stub()
android.support.v4.text.BidiFormatter
android.support.v4.text.BidiFormatter$1
android.support.v4.text.BidiFormatter$Builder
android.support.v4.text.BidiFormatter$DirectionalityEstimator
android.support.v4.text.ICUCompat
android.support.v4.text.ICUCompat$ICUCompatImpl
android.support.v4.text.ICUCompat$ICUCompatImplBase
android.support.v4.text.ICUCompat$ICUCompatImplIcs
android.support.v4.text.ICUCompatIcs
android.support.v4.text.TextDirectionHeuristicCompat
android.support.v4.text.TextDirectionHeuristicsCompat
android.support.v4.text.TextDirectionHeuristicsCompat$1
android.support.v4.text.TextDirectionHeuristicsCompat$AnyStrong
android.support.v4.text.TextDirectionHeuristicsCompat$FirstStrong
android.support.v4.text.TextDirectionHeuristicsCompat$TextDirectionAlgorithm
android.support.v4.text.TextDirectionHeuristicsCompat$TextDirectionHeuristicImpl
android.support.v4.text.TextDirectionHeuristicsCompat$TextDirectionHeuristicInternal
android.support.v4.text.TextDirectionHeuristicsCompat$TextDirectionHeuristicLocale
android.support.v4.text.TextUtilsCompat
android.support.v4.util.AtomicFile
android.support.v4.util.DebugUtils:
    25:25:public DebugUtils()
android.support.v4.util.LongSparseArray
android.support.v4.util.LruCache
android.support.v4.util.SparseArrayCompat:
    52:52:public java.lang.Object get(int)
    60:65:public java.lang.Object get(int,java.lang.Object)
    73:81:public void delete(int)
    87:88:public void remove(int)
    94:98:public void removeAt(int)
    107:111:public void removeAtRange(int,int)
    146:190:public void put(int,java.lang.Object)
    236:241:public void setValueAt(int,java.lang.Object)
    249:253:public int indexOfKey(int)
    265:273:public int indexOfValue(java.lang.Object)
    296:323:public void append(int,java.lang.Object)
    326:342:private static int binarySearch(int[],int,int,int)
android.support.v4.util.TimeUtils
android.support.v4.view.AccessibilityDelegateCompatIcs:
    28:30:AccessibilityDelegateCompatIcs()
android.support.v4.view.AccessibilityDelegateCompatJellyBean:
    30:32:AccessibilityDelegateCompatJellyBean()
android.support.v4.view.ActionProvider
android.support.v4.view.ActionProvider$SubUiVisibilityListener
android.support.v4.view.ActionProvider$VisibilityListener
android.support.v4.view.GestureDetectorCompat
android.support.v4.view.GestureDetectorCompat$GestureDetectorCompatImpl
android.support.v4.view.GestureDetectorCompat$GestureDetectorCompatImplBase
android.support.v4.view.GestureDetectorCompat$GestureDetectorCompatImplBase$GestureHandler
android.support.v4.view.GestureDetectorCompat$GestureDetectorCompatImplJellybeanMr2
android.support.v4.view.GravityCompat:
    public static final int RELATIVE_LAYOUT_DIRECTION
    public static final int START
    public static final int END
    public static final int RELATIVE_HORIZONTAL_GRAVITY_MASK
    27:62:public GravityCompat()
    132:133:public static void apply(int,int,int,android.graphics.Rect,android.graphics.Rect,int)
    162:163:public static void apply(int,int,int,android.graphics.Rect,int,int,android.graphics.Rect,int)
    186:187:public static void applyDisplay(int,android.graphics.Rect,android.graphics.Rect,int)